2021-01-11 12:26:27,806:INFO:PvpSignups: Developer mode override enabled
2021-01-11 12:26:30,769:INFO:PvpSignups: ----- Begin loading instance pvp_bookings: -----
2021-01-11 12:26:30,925:INFO:PvpSignups: Successfully located request message
2021-01-11 12:26:31,062:INFO:PvpSignups: Located untaken boost message ID: 797856454824296488
2021-01-11 12:26:31,063:INFO:PvpSignups: 2 booking(s) have been loaded from the pvp_bookings cache
2021-01-11 12:26:31,063:INFO:PvpSignups: ///// Finished loading instance: pvp_bookings /////
2021-01-11 12:26:31,063:INFO:PvpSignups: ----- Begin loading instance pvp_bookings_2: -----
2021-01-11 12:26:31,243:INFO:PvpSignups: Successfully located request message
2021-01-11 12:26:31,396:INFO:PvpSignups: Located untaken boost message ID: 797856234682187786
2021-01-11 12:26:31,397:INFO:PvpSignups: 2 booking(s) have been loaded from the pvp_bookings_2 cache
2021-01-11 12:26:31,397:INFO:PvpSignups: ///// Finished loading instance: pvp_bookings_2 /////
2021-01-11 12:26:31,397:INFO:PvpSignups: ----- Begin updating untaken boosts for pvp_bookings -----
2021-01-11 12:26:31,610:INFO:PvpSignups: Edited untaken message: 797856454824296488
2021-01-11 12:26:31,610:INFO:PvpSignups: ///// Finished updating untaken boosts for pvp_bookings /////
2021-01-11 12:26:31,610:INFO:PvpSignups: ----- Begin updating untaken boosts for pvp_bookings_2 -----
2021-01-11 12:26:31,781:INFO:PvpSignups: Edited untaken message: 797856234682187786
2021-01-11 12:26:31,781:INFO:PvpSignups: ///// Finished updating untaken boosts for pvp_bookings_2 /////
2021-01-11 12:26:31,782:INFO:PvpSignups: Bot is ready
2021-01-11 12:26:31,782:INFO:PvpSignups: Beginning booking cleanup...
2021-01-11 12:26:31,782:INFO:PvpSignups: ----- Begin updating untaken boosts for pvp_bookings -----
2021-01-11 12:26:31,954:INFO:PvpSignups: Edited untaken message: 797856454824296488
2021-01-11 12:26:31,954:INFO:PvpSignups: ///// Finished updating untaken boosts for pvp_bookings /////
2021-01-11 12:26:31,955:INFO:PvpSignups: ----- Begin updating untaken boosts for pvp_bookings_2 -----
2021-01-11 12:26:32,142:INFO:PvpSignups: Edited untaken message: 797856234682187786
2021-01-11 12:26:32,142:INFO:PvpSignups: ///// Finished updating untaken boosts for pvp_bookings_2 /////
2021-01-11 12:26:32,142:INFO:PvpSignups: Finished booking cleanup
2021-01-11 12:26:33,526:INFO:PvpSignups: Booking being created by Lunarus for pvp_bookings_2
2021-01-11 12:26:41,603:INFO:PvpSignups: Booking 8164211852 has been deleted
2021-01-11 13:26:31,792:INFO:PvpSignups: Beginning booking cleanup...
2021-01-11 13:26:31,792:INFO:PvpSignups: ----- Begin updating untaken boosts for pvp_bookings -----
2021-01-11 13:26:32,017:INFO:PvpSignups: Edited untaken message: 797856454824296488
2021-01-11 13:26:32,017:INFO:PvpSignups: ///// Finished updating untaken boosts for pvp_bookings /////
2021-01-11 13:26:32,018:INFO:PvpSignups: ----- Begin updating untaken boosts for pvp_bookings_2 -----
2021-01-11 13:26:32,252:INFO:PvpSignups: Edited untaken message: 797856234682187786
2021-01-11 13:26:32,252:INFO:PvpSignups: ///// Finished updating untaken boosts for pvp_bookings_2 /////
2021-01-11 13:26:32,252:INFO:PvpSignups: Finished booking cleanup
2021-01-11 14:26:31,790:INFO:PvpSignups: Beginning booking cleanup...
2021-01-11 14:26:31,790:INFO:PvpSignups: ----- Begin updating untaken boosts for pvp_bookings -----
2021-01-11 14:26:32,014:INFO:PvpSignups: Edited untaken message: 797856454824296488
2021-01-11 14:26:32,014:INFO:PvpSignups: ///// Finished updating untaken boosts for pvp_bookings /////
2021-01-11 14:26:32,015:INFO:PvpSignups: ----- Begin updating untaken boosts for pvp_bookings_2 -----
2021-01-11 14:26:32,179:INFO:PvpSignups: Edited untaken message: 797856234682187786
2021-01-11 14:26:32,179:INFO:PvpSignups: ///// Finished updating untaken boosts for pvp_bookings_2 /////
2021-01-11 14:26:32,179:INFO:PvpSignups: Finished booking cleanup
